<?xml version="1.0" encoding="UTF-8"?>
<!-- Generated by org.testng.reporters.JUnitReportReporter -->
<testsuite skipped="0" name="Script.TestShopclues_05" tests="1" failures="0" timestamp="02 Nov 2017 11:15:51 GMT" time="248.567" errors="0">
  <testcase name="BuyMemoryCard" time="248.567" classname="Script.TestShopclues_05"/>
</testsuite> <!-- Script.TestShopclues_05 -->
